[2026-07-03 18:40:04 +0000] Resolving current prospectus URL...
[2026-07-03 18:40:04 +0000] Current URL: https://prospekt.aldi-sued.de/kw27-26-op-mp/
[2026-07-03 18:40:04 +0000] Peeking publication id (lightweight HTML fetch)...
[2026-07-03 18:40:04 +0000] Discovered: pub_id=3167415  slug=kw27-26-op-mp
[2026-07-03 18:40:04 +0000] NEW week detected — fetching https://prospekt.aldi-sued.de/kw27-26-op-mp/
[2026-07-03 18:40:04 +0000]   Fetching page: https://prospekt.aldi-sued.de/kw27-26-op-mp/page/1
[2026-07-03 18:40:05 +0000]   Fetching spreads: https://prospekt.aldi-sued.de/kw27-26-op-mp/spreads.json?version=ZmM0ZTNkYjdlZGJkOWEwYTUxMWJlZGFhNmE0NjFmMWMyMWNkN2NiNA==&page=1
[2026-07-03 18:40:05 +0000]   Publication has 31 pages -> 16 spreads
[2026-07-03 18:40:05 +0000]     [1/16] spread 1
[2026-07-03 18:40:05 +0000]     [2/16] spread 2-3
[2026-07-03 18:40:05 +0000]     [3/16] spread 4-5
[2026-07-03 18:40:05 +0000]     [4/16] spread 6-7
[2026-07-03 18:40:05 +0000]     [5/16] spread 8-9
[2026-07-03 18:40:05 +0000]     [6/16] spread 10-11
[2026-07-03 18:40:05 +0000]     [7/16] spread 12-13
[2026-07-03 18:40:05 +0000]     [8/16] spread 14-15
[2026-07-03 18:40:05 +0000]     [9/16] spread 16-17
[2026-07-03 18:40:05 +0000]     [10/16] spread 18-19
[2026-07-03 18:40:05 +0000]     [11/16] spread 20-21
[2026-07-03 18:40:05 +0000]     [12/16] spread 22-23
[2026-07-03 18:40:05 +0000]     [13/16] spread 24-25
[2026-07-03 18:40:05 +0000]     [14/16] spread 26-27
[2026-07-03 18:40:05 +0000]     [15/16] spread 28-29
[2026-07-03 18:40:05 +0000]     [16/16] spread 30-31
[2026-07-03 18:40:05 +0000]   Writing to DB: aldi.db
[2026-07-03 18:40:05 +0000]   Commit complete.
[2026-07-03 18:40:05 +0000] OK — fetched 175 offerings, 173 new products
[2026-07-03 19:17:14 +0000] Mode: expiry
[2026-07-03 19:17:14 +0000] NOT DUE — latest pub 'kw27-26-op-mp' (29.06. – 04.07.2026) is valid until 2026-07-04. Today is 2026-07-03. Will fetch after expiry.
[2026-07-04 13:47:53 +0000] Mode: expiry
[2026-07-04 13:47:53 +0000] NOT DUE — latest pub 'kw27-26-op-mp' (29.06. – 04.07.2026) is valid until 2026-07-04. Today is 2026-07-04. Will fetch after expiry.
[2026-07-04 20:57:09 +0000] Mode: expiry
[2026-07-04 20:57:09 +0000] NOT DUE — latest pub 'kw27-26-op-mp' (29.06. – 04.07.2026) is valid until 2026-07-04. Today is 2026-07-04. Will fetch after expiry.
[2026-07-04 21:44:22 +0000] Mode: expiry
[2026-07-04 21:44:22 +0000] NOT DUE — latest pub 'kw27-26-op-mp' (29.06. – 04.07.2026) is valid until 2026-07-04. Today is 2026-07-04. Will fetch after expiry.
[2026-07-05 13:53:43 +0000] Mode: expiry
[2026-07-05 13:53:43 +0000] DUE — latest pub 'kw27-26-op-mp' (29.06. – 04.07.2026) expired on 2026-07-04. Today is 2026-07-05. Checking for new week...
[2026-07-05 13:53:43 +0000] Resolving current prospectus URL...
[2026-07-05 13:53:44 +0000] Current URL: https://prospekt.aldi-sued.de/kw30-26-vop/
[2026-07-05 13:53:44 +0000] Peeking publication id (lightweight HTML fetch)...
[2026-07-05 13:53:44 +0000] Discovered: pub_id=3203177  slug=kw30-26-vop
[2026-07-05 13:53:44 +0000] NEW week detected — fetching https://prospekt.aldi-sued.de/kw30-26-vop/
[2026-07-05 13:53:44 +0000]   Fetching page: https://prospekt.aldi-sued.de/kw30-26-vop/page/1
[2026-07-05 13:53:44 +0000]   Fetching spreads: https://prospekt.aldi-sued.de/kw30-26-vop/spreads.json?version=ZGMzOWM3NjVkZTkwNTFlZjIxODU5MGFjNmZhMzIwNzcwYzMyYTRjMQ==&page=1
[2026-07-05 13:53:44 +0000]   Publication has 25 pages -> 13 spreads
[2026-07-05 13:53:44 +0000]     [1/13] spread 1
[2026-07-05 13:53:44 +0000]     [2/13] spread 2-3
[2026-07-05 13:53:44 +0000]     [3/13] spread 4-5
[2026-07-05 13:53:44 +0000]     [4/13] spread 6-7
[2026-07-05 13:53:44 +0000]     [5/13] spread 8-9
[2026-07-05 13:53:44 +0000]     [6/13] spread 10-11
[2026-07-05 13:53:44 +0000]     [7/13] spread 12-13
[2026-07-05 13:53:44 +0000]     [8/13] spread 14-15
[2026-07-05 13:53:44 +0000]     [9/13] spread 16-17
[2026-07-05 13:53:44 +0000]     [10/13] spread 18-19
[2026-07-05 13:53:44 +0000]     [11/13] spread 20-21
[2026-07-05 13:53:44 +0000]     [12/13] spread 22-23
[2026-07-05 13:53:44 +0000]     [13/13] spread 24-25
[2026-07-05 13:53:44 +0000]   Writing to DB: discounts.db
[2026-07-05 13:53:44 +0000]   Commit complete.
[2026-07-05 13:53:44 +0000] OK — fetched 0 offerings, 0 new products
[2026-07-05 17:50:12 +0000] Mode: expiry
[2026-07-05 17:50:12 +0000] NOT DUE — latest pub 'kw30-26-vop' (20.07. – 25.07.2026) is valid until 2026-07-25. Today is 2026-07-05. Will fetch after expiry.
[2026-07-06 15:47:20 +0000] Mode: expiry
[2026-07-06 15:47:20 +0000] NOT DUE — latest pub 'kw30-26-vop' (20.07. – 25.07.2026) is valid until 2026-07-25. Today is 2026-07-06. Will fetch after expiry.
[2026-07-07 14:51:22 +0000] Mode: expiry
[2026-07-07 14:51:22 +0000] NOT DUE — latest pub 'kw30-26-vop' (20.07. – 25.07.2026) is valid until 2026-07-25. Today is 2026-07-07. Will fetch after expiry.
[2026-07-08 14:29:16 +0000] Mode: expiry
[2026-07-08 14:29:16 +0000] NOT DUE — latest pub 'kw30-26-vop' (20.07. – 25.07.2026) is valid until 2026-07-25. Today is 2026-07-08. Will fetch after expiry.
[2026-07-09 15:24:09 +0000] Mode: expiry
[2026-07-09 15:24:09 +0000] NOT DUE — latest pub 'kw30-26-vop' (20.07. – 25.07.2026) is valid until 2026-07-25. Today is 2026-07-09. Will fetch after expiry.
[2026-07-10 14:41:43 +0000] Mode: expiry
[2026-07-10 14:41:43 +0000] NOT DUE — latest pub 'kw30-26-vop' (20.07. – 25.07.2026) is valid until 2026-07-25. Today is 2026-07-10. Will fetch after expiry.
[2026-07-11 13:40:29 +0000] Mode: expiry
[2026-07-11 13:40:29 +0000] NOT DUE — latest pub 'kw30-26-vop' (20.07. – 25.07.2026) is valid until 2026-07-25. Today is 2026-07-11. Will fetch after expiry.
[2026-07-12 13:40:47 +0000] Mode: expiry
[2026-07-12 13:40:47 +0000] NOT DUE — latest pub 'kw30-26-vop' (20.07. – 25.07.2026) is valid until 2026-07-25. Today is 2026-07-12. Will fetch after expiry.
[2026-07-13 14:48:44 +0000] Mode: expiry
[2026-07-13 14:48:44 +0000] NOT DUE — latest pub 'kw30-26-vop' (20.07. – 25.07.2026) is valid until 2026-07-25. Today is 2026-07-13. Will fetch after expiry.
[2026-07-14 13:58:54 +0000] Mode: expiry
[2026-07-14 13:58:54 +0000] NOT DUE — latest pub 'kw30-26-vop' (20.07. – 25.07.2026) is valid until 2026-07-25. Today is 2026-07-14. Will fetch after expiry.
[2026-07-15 13:55:52 +0000] Mode: expiry
[2026-07-15 13:55:52 +0000] NOT DUE — latest pub 'kw30-26-vop' (20.07. – 25.07.2026) is valid until 2026-07-25. Today is 2026-07-15. Will fetch after expiry.
[2026-07-16 14:07:51 +0000] Mode: expiry
[2026-07-16 14:07:51 +0000] NOT DUE — latest pub 'kw30-26-vop' (20.07. – 25.07.2026) is valid until 2026-07-25. Today is 2026-07-16. Will fetch after expiry.
[2026-07-17 13:51:36 +0000] Mode: expiry
[2026-07-17 13:51:36 +0000] NOT DUE — latest pub 'kw30-26-vop' (20.07. – 25.07.2026) is valid until 2026-07-25. Today is 2026-07-17. Will fetch after expiry.
[2026-07-18 13:35:01 +0000] Mode: expiry
[2026-07-18 13:35:01 +0000] NOT DUE — latest pub 'kw30-26-vop' (20.07. – 25.07.2026) is valid until 2026-07-25. Today is 2026-07-18. Will fetch after expiry.
[2026-07-19 13:37:28 +0000] Mode: expiry
[2026-07-19 13:37:28 +0000] NOT DUE — latest pub 'kw30-26-vop' (20.07. – 25.07.2026) is valid until 2026-07-25. Today is 2026-07-19. Will fetch after expiry.
